<?xml version="1.0" encoding="UTF-8"?>
<!-- Generated by org.testng.reporters.JUnitReportReporter -->
<testsuite hostname="DESKTOP-ML248P1" failures="0" tests="2" name="RunnerFile.TestNgRunnerFile" time="30.699" errors="0" timestamp="22 Apr 2022 19:08:35 GMT" skipped="0">
  <testcase classname="RunnerFile.TestNgRunnerFile" name="runScenario" time="14.866"/>
  <testcase classname="RunnerFile.TestNgRunnerFile" name="runScenario" time="15.833"/>
</testsuite> <!-- RunnerFile.TestNgRunnerFile -->
